<?xml version="1.0" encoding="UTF-8"?>
<testng-results ignored="0" total="1" passed="1" failed="0" skipped="0">
  <reporter-output>
  </reporter-output>
  <suite started-at="2023-08-29T17:35:20 EDT" name="Default suite" finished-at="2023-08-29T17:35:36 EDT" duration-ms="15865">
    <groups>
    </groups>
    <test started-at="2023-08-29T17:35:20 EDT" name="Default test" finished-at="2023-08-29T17:35:36 EDT" duration-ms="15865">
      <class name="pages.HomePagesTest">
        <test-method is-config="true" signature="setUp()[pri:0, instance:pages.HomePagesTest@791f145a]" started-at="2023-08-29T17:35:20 EDT" name="setUp" finished-at="2023-08-29T17:35:28 EDT" duration-ms="8095" status="PASS">
          <reporter-output>
          </reporter-output>
        </test-method> <!-- setUp -->
        <test-method signature="clickLogoTest()[pri:0, instance:pages.HomePagesTest@791f145a]" started-at="2023-08-29T17:35:28 EDT" name="clickLogoTest" finished-at="2023-08-29T17:35:36 EDT" duration-ms="7540" status="PASS">
          <reporter-output>
          </reporter-output>
        </test-method> <!-- clickLogoTest -->
        <test-method is-config="true" signature="tearUp()[pri:0, instance:pages.HomePagesTest@791f145a]" started-at="2023-08-29T17:35:36 EDT" name="tearUp" finished-at="2023-08-29T17:35:36 EDT" duration-ms="185" status="PASS">
          <reporter-output>
          </reporter-output>
        </test-method> <!-- tearUp -->
      </class> <!-- pages.HomePagesTest -->
    </test> <!-- Default test -->
  </suite> <!-- Default suite -->
</testng-results>
